SLF4J(W): Class path contains multiple SLF4J providers.
SLF4J(W): Found provider [ch.qos.logback.classic.spi.LogbackServiceProvider@15b3e5b]
SLF4J(W): Found provider [org.slf4j.simple.SimpleServiceProvider@61ca2dfa]
SLF4J(W): See https://www.slf4j.org/codes.html#multiple_bindings for an explanation.
SLF4J(I): Actual provider is of type [ch.qos.logback.classic.spi.LogbackServiceProvider@15b3e5b]

  .   ____          _            __ _ _
 /\\ / ___'_ __ _ _(_)_ __  __ _ \ \ \ \
( ( )\___ | '_ | '_| | '_ \/ _` | \ \ \ \
 \\/  ___)| |_)| | | | | || (_| |  ) ) ) )
  '  |____| .__|_| |_|_| |_\__, | / / / /
 =========|_|==============|___/=/_/_/_/

 :: Spring Boot ::                (v3.4.5)

2025-07-07T21:56:31.466+08:00  INFO 33556 --- [BG] [           main] com.example.bg.BgApplication             : Starting BgApplication v0.0.1-SNAPSHOT using Java 17.0.8 with PID 33556 (E:\ComputerDesignCompetition\YunZhou_Rhymes\BG\target\BG-0.0.1-SNAPSHOT.jar started by WHUzjy in E:\ComputerDesignCompetition\YunZhou_Rhymes\BG)
2025-07-07T21:56:31.472+08:00  INFO 33556 --- [BG] [           main] com.example.bg.BgApplication             : No active profile set, falling back to 1 default profile: "default"
2025-07-07T21:56:32.832+08:00  INFO 33556 --- [BG] [           main] .s.d.r.c.RepositoryConfigurationDelegate : Multiple Spring Data modules found, entering strict repository configuration mode
2025-07-07T21:56:32.833+08:00  INFO 33556 --- [BG] [           main] .s.d.r.c.RepositoryConfigurationDelegate : Bootstrapping Spring Data Redis repositories in DEFAULT mode.
2025-07-07T21:56:32.869+08:00  INFO 33556 --- [BG] [           main] .s.d.r.c.RepositoryConfigurationDelegate : Finished Spring Data repository scanning in 14 ms. Found 0 Redis repository interfaces.
2025-07-07T21:56:33.142+08:00  WARN 33556 --- [BG] [           main] trationDelegate$BeanPostProcessorChecker : Bean 'shiroConfig' of type [com.example.bg.config.ShiroConfig$$SpringCGLIB$$0] is not eligible for getting processed by all BeanPostProcessors (for example: not eligible for auto-proxying). Is this bean getting eagerly injected/applied to a currently created BeanPostProcessor []? Check the corresponding BeanPostProcessor declaration and its dependencies/advisors. If this bean does not have to be post-processed, declare it with ROLE_INFRASTRUCTURE.
2025-07-07T21:56:33.281+08:00  WARN 33556 --- [BG] [           main] trationDelegate$BeanPostProcessorChecker : Bean 'org.springframework.boot.autoconfigure.sql.init.DataSourceInitializationConfiguration' of type [org.springframework.boot.autoconfigure.sql.init.DataSourceInitializationConfiguration] is not eligible for getting processed by all BeanPostProcessors (for example: not eligible for auto-proxying). Is this bean getting eagerly injected/applied to a currently created BeanPostProcessor []? Check the corresponding BeanPostProcessor declaration and its dependencies/advisors. If this bean does not have to be post-processed, declare it with ROLE_INFRASTRUCTURE.
2025-07-07T21:56:33.282+08:00  WARN 33556 --- [BG] [           main] trationDelegate$BeanPostProcessorChecker : Bean 'org.springframework.boot.autoconfigure.jdbc.DataSourceConfiguration$Hikari' of type [org.springframework.boot.autoconfigure.jdbc.DataSourceConfiguration$Hikari] is not eligible for getting processed by all BeanPostProcessors (for example: not eligible for auto-proxying). Is this bean getting eagerly injected/applied to a currently created BeanPostProcessor []? Check the corresponding BeanPostProcessor declaration and its dependencies/advisors. If this bean does not have to be post-processed, declare it with ROLE_INFRASTRUCTURE.
2025-07-07T21:56:33.296+08:00  WARN 33556 --- [BG] [           main] trationDelegate$BeanPostProcessorChecker : Bean 'securityManagerInjector' of type [org.springframework.beans.factory.config.MethodInvokingFactoryBean] is not eligible for getting processed by all BeanPostProcessors (for example: not eligible for auto-proxying). Is this bean getting eagerly injected/applied to a currently created BeanPostProcessor []? Check the corresponding BeanPostProcessor declaration and its dependencies/advisors. If this bean does not have to be post-processed, declare it with ROLE_INFRASTRUCTURE.
2025-07-07T21:56:33.328+08:00  WARN 33556 --- [BG] [           main] trationDelegate$BeanPostProcessorChecker : Bean 'spring.datasource-org.springframework.boot.autoconfigure.jdbc.DataSourceProperties' of type [org.springframework.boot.autoconfigure.jdbc.DataSourceProperties] is not eligible for getting processed by all BeanPostProcessors (for example: not eligible for auto-proxying). Is this bean getting eagerly injected/applied to a currently created BeanPostProcessor []? Check the corresponding BeanPostProcessor declaration and its dependencies/advisors. If this bean does not have to be post-processed, declare it with ROLE_INFRASTRUCTURE.
2025-07-07T21:56:33.330+08:00  WARN 33556 --- [BG] [           main] trationDelegate$BeanPostProcessorChecker : Bean 'org.springframework.boot.autoconfigure.jdbc.DataSourceAutoConfiguration$PooledDataSourceConfiguration' of type [org.springframework.boot.autoconfigure.jdbc.DataSourceAutoConfiguration$PooledDataSourceConfiguration] is not eligible for getting processed by all BeanPostProcessors (for example: not eligible for auto-proxying). Is this bean getting eagerly injected/applied to a currently created BeanPostProcessor []? Check the corresponding BeanPostProcessor declaration and its dependencies/advisors. If this bean does not have to be post-processed, declare it with ROLE_INFRASTRUCTURE.
2025-07-07T21:56:33.332+08:00  WARN 33556 --- [BG] [           main] trationDelegate$BeanPostProcessorChecker : Bean 'jdbcConnectionDetails' of type [org.springframework.boot.autoconfigure.jdbc.PropertiesJdbcConnectionDetails] is not eligible for getting processed by all BeanPostProcessors (for example: not eligible for auto-proxying). Is this bean getting eagerly injected/applied to a currently created BeanPostProcessor []? Check the corresponding BeanPostProcessor declaration and its dependencies/advisors. If this bean does not have to be post-processed, declare it with ROLE_INFRASTRUCTURE.
2025-07-07T21:56:33.367+08:00  WARN 33556 --- [BG] [           main] trationDelegate$BeanPostProcessorChecker : Bean 'dataSource' of type [com.zaxxer.hikari.HikariDataSource] is not eligible for getting processed by all BeanPostProcessors (for example: not eligible for auto-proxying). Is this bean getting eagerly injected/applied to a currently created BeanPostProcessor []? Check the corresponding BeanPostProcessor declaration and its dependencies/advisors. If this bean does not have to be post-processed, declare it with ROLE_INFRASTRUCTURE.
2025-07-07T21:56:33.371+08:00  WARN 33556 --- [BG] [           main] trationDelegate$BeanPostProcessorChecker : Bean 'spring.sql.init-org.springframework.boot.autoconfigure.sql.init.SqlInitializationProperties' of type [org.springframework.boot.autoconfigure.sql.init.SqlInitializationProperties] is not eligible for getting processed by all BeanPostProcessors (for example: not eligible for auto-proxying). Is this bean getting eagerly injected/applied to a currently created BeanPostProcessor []? Check the corresponding BeanPostProcessor declaration and its dependencies/advisors. If this bean does not have to be post-processed, declare it with ROLE_INFRASTRUCTURE.
2025-07-07T21:56:33.380+08:00  WARN 33556 --- [BG] [           main] trationDelegate$BeanPostProcessorChecker : Bean 'dataSourceScriptDatabaseInitializer' of type [org.springframework.boot.autoconfigure.sql.init.SqlDataSourceScriptDatabaseInitializer] is not eligible for getting processed by all BeanPostProcessors (for example: not eligible for auto-proxying). Is this bean getting eagerly injected/applied to a currently created BeanPostProcessor []? Check the corresponding BeanPostProcessor declaration and its dependencies/advisors. If this bean does not have to be post-processed, declare it with ROLE_INFRASTRUCTURE.
2025-07-07T21:56:33.385+08:00  WARN 33556 --- [BG] [           main] trationDelegate$BeanPostProcessorChecker : Bean 'mybatis-org.mybatis.spring.boot.autoconfigure.MybatisProperties' of type [org.mybatis.spring.boot.autoconfigure.MybatisProperties] is not eligible for getting processed by all BeanPostProcessors (for example: not eligible for auto-proxying). Is this bean getting eagerly injected/applied to a currently created BeanPostProcessor []? Check the corresponding BeanPostProcessor declaration and its dependencies/advisors. If this bean does not have to be post-processed, declare it with ROLE_INFRASTRUCTURE.
2025-07-07T21:56:33.390+08:00  WARN 33556 --- [BG] [           main] trationDelegate$BeanPostProcessorChecker : Bean 'org.mybatis.spring.boot.autoconfigure.MybatisAutoConfiguration' of type [org.mybatis.spring.boot.autoconfigure.MybatisAutoConfiguration] is not eligible for getting processed by all BeanPostProcessors (for example: not eligible for auto-proxying). Is this bean getting eagerly injected/applied to a currently created BeanPostProcessor []? Check the corresponding BeanPostProcessor declaration and its dependencies/advisors. If this bean does not have to be post-processed, declare it with ROLE_INFRASTRUCTURE.
2025-07-07T21:56:33.450+08:00  WARN 33556 --- [BG] [           main] trationDelegate$BeanPostProcessorChecker : Bean 'sqlSessionFactory' of type [org.apache.ibatis.session.defaults.DefaultSqlSessionFactory] is not eligible for getting processed by all BeanPostProcessors (for example: not eligible for auto-proxying). Is this bean getting eagerly injected/applied to a currently created BeanPostProcessor []? Check the corresponding BeanPostProcessor declaration and its dependencies/advisors. If this bean does not have to be post-processed, declare it with ROLE_INFRASTRUCTURE.
2025-07-07T21:56:33.455+08:00  WARN 33556 --- [BG] [           main] trationDelegate$BeanPostProcessorChecker : Bean 'sqlSessionTemplate' of type [org.mybatis.spring.SqlSessionTemplate] is not eligible for getting processed by all BeanPostProcessors (for example: not eligible for auto-proxying). Is this bean getting eagerly injected/applied to a currently created BeanPostProcessor []? Check the corresponding BeanPostProcessor declaration and its dependencies/advisors. If this bean does not have to be post-processed, declare it with ROLE_INFRASTRUCTURE.
2025-07-07T21:56:33.737+08:00  WARN 33556 --- [BG] [           main] trationDelegate$BeanPostProcessorChecker : Bean 'userMapper' of type [org.mybatis.spring.mapper.MapperFactoryBean] is not eligible for getting processed by all BeanPostProcessors (for example: not eligible for auto-proxying). Is this bean getting eagerly injected/applied to a currently created BeanPostProcessor []? Check the corresponding BeanPostProcessor declaration and its dependencies/advisors. If this bean does not have to be post-processed, declare it with ROLE_INFRASTRUCTURE.
2025-07-07T21:56:33.743+08:00  WARN 33556 --- [BG] [           main] trationDelegate$BeanPostProcessorChecker : Bean 'userMapper' of type [jdk.proxy2.$Proxy99] is not eligible for getting processed by all BeanPostProcessors (for example: not eligible for auto-proxying). Is this bean getting eagerly injected/applied to a currently created BeanPostProcessor []? Check the corresponding BeanPostProcessor declaration and its dependencies/advisors. If this bean does not have to be post-processed, declare it with ROLE_INFRASTRUCTURE.
2025-07-07T21:56:33.756+08:00  WARN 33556 --- [BG] [           main] trationDelegate$BeanPostProcessorChecker : Bean 'userRealm' of type [com.example.bg.config.UserRealm] is not eligible for getting processed by all BeanPostProcessors (for example: not eligible for auto-proxying). Is this bean getting eagerly injected/applied to a currently created BeanPostProcessor []? Check the corresponding BeanPostProcessor declaration and its dependencies/advisors. If this bean does not have to be post-processed, declare it with ROLE_INFRASTRUCTURE.
2025-07-07T21:56:33.763+08:00  WARN 33556 --- [BG] [           main] trationDelegate$BeanPostProcessorChecker : Bean 'redisManager' of type [org.crazycake.shiro.RedisManager] is not eligible for getting processed by all BeanPostProcessors (for example: not eligible for auto-proxying). Is this bean getting eagerly injected/applied to a currently created BeanPostProcessor []? Check the corresponding BeanPostProcessor declaration and its dependencies/advisors. If this bean does not have to be post-processed, declare it with ROLE_INFRASTRUCTURE.
2025-07-07T21:56:33.769+08:00  WARN 33556 --- [BG] [           main] trationDelegate$BeanPostProcessorChecker : Bean 'sessionDAO' of type [org.crazycake.shiro.RedisSessionDAO] is not eligible for getting processed by all BeanPostProcessors (for example: not eligible for auto-proxying). Is this bean getting eagerly injected/applied to a currently created BeanPostProcessor []? Check the corresponding BeanPostProcessor declaration and its dependencies/advisors. If this bean does not have to be post-processed, declare it with ROLE_INFRASTRUCTURE.
2025-07-07T21:56:33.781+08:00  WARN 33556 --- [BG] [           main] trationDelegate$BeanPostProcessorChecker : Bean 'sessionManager' of type [org.apache.shiro.web.session.mgt.DefaultWebSessionManager] is not eligible for getting processed by all BeanPostProcessors (for example: not eligible for auto-proxying). Is this bean getting eagerly injected/applied to a currently created BeanPostProcessor []? Check the corresponding BeanPostProcessor declaration and its dependencies/advisors. If this bean does not have to be post-processed, declare it with ROLE_INFRASTRUCTURE.
2025-07-07T21:56:33.914+08:00  WARN 33556 --- [BG] [           main] trationDelegate$BeanPostProcessorChecker : Bean 'securityManager' of type [org.apache.shiro.web.mgt.DefaultWebSecurityManager] is not eligible for getting processed by all BeanPostProcessors (for example: not eligible for auto-proxying). Is this bean getting eagerly injected/applied to a currently created BeanPostProcessor []? Check the corresponding BeanPostProcessor declaration and its dependencies/advisors. If this bean does not have to be post-processed, declare it with ROLE_INFRASTRUCTURE.
2025-07-07T21:56:34.452+08:00  INFO 33556 --- [BG] [           main] o.s.b.w.embedded.tomcat.TomcatWebServer  : Tomcat initialized with port 8081 (http)
2025-07-07T21:56:34.467+08:00  INFO 33556 --- [BG] [           main] o.apache.catalina.core.StandardService   : Starting service [Tomcat]
2025-07-07T21:56:34.468+08:00  INFO 33556 --- [BG] [           main] o.apache.catalina.core.StandardEngine    : Starting Servlet engine: [Apache Tomcat/10.1.40]
2025-07-07T21:56:34.509+08:00  INFO 33556 --- [BG] [           main] o.a.c.c.C.[Tomcat].[localhost].[/]       : Initializing Spring embedded WebApplicationContext
2025-07-07T21:56:34.510+08:00  INFO 33556 --- [BG] [           main] w.s.c.ServletWebServerApplicationContext : Root WebApplicationContext: initialization completed in 2990 ms
敏感词缓存已刷新，共加载 22 个敏感词
2025-07-07T21:56:36.143+08:00  INFO 33556 --- [BG] [           main] o.s.v.b.OptionalValidatorFactoryBean     : Failed to set up a Bean Validation provider: jakarta.validation.NoProviderFoundException: Unable to create a Configuration, because no Jakarta Bean Validation provider could be found. Add a provider like Hibernate Validator (RI) to your classpath.
2025-07-07T21:56:36.863+08:00  INFO 33556 --- [BG] [           main] o.s.b.a.e.web.EndpointLinksResolver      : Exposing 1 endpoint beneath base path '/actuator'
2025-07-07T21:56:36.948+08:00  INFO 33556 --- [BG] [           main] o.s.b.w.embedded.tomcat.TomcatWebServer  : Tomcat started on port 8081 (http) with context path '/'
2025-07-07T21:56:36.962+08:00  INFO 33556 --- [BG] [           main] com.example.bg.BgApplication             : Started BgApplication in 6.07 seconds (process running for 6.672)
2025-07-07T21:58:41.143+08:00  INFO 33556 --- [BG] [nio-8081-exec-1] o.a.c.c.C.[Tomcat].[localhost].[/]       : Initializing Spring DispatcherServlet 'dispatcherServlet'
2025-07-07T21:58:41.143+08:00  INFO 33556 --- [BG] [nio-8081-exec-1] o.s.web.servlet.DispatcherServlet        : Initializing Servlet 'dispatcherServlet'
2025-07-07T21:58:41.147+08:00  INFO 33556 --- [BG] [nio-8081-exec-1] o.s.web.servlet.DispatcherServlet        : Completed initialization in 2 ms
WebSocket连接已建立，当前连接数：1
收到消息：{"type":"RoundBegin","room":{"roomId":"DEi6L7F0ngYDbDUr","uid":"7310"}}
关联用户ID 7310 到会话 92a0a0bb-837e-b016-420a-241fbbab6852
用户 7310 的会话已关闭
WebSocket连接已关闭，当前连接数：0
WebSocket连接已建立，当前连接数：1
WebSocket连接已建立，当前连接数：2
收到消息：{"type":"RoundBegin","room":{"roomId":"DEi6L7F0ngYDbDUr","uid":"633"}}
关联用户ID 633 到会话 618866b2-9d3a-355f-d52c-4eb69d53af12
用户 633 的会话已关闭
WebSocket连接已关闭，当前连接数：1
WebSocket连接已建立，当前连接数：2
收到消息：{"type":"createRoom","room":{"uid":"7147"}}
关联用户ID 7147 到会话 82682ba2-df22-e5e7-e7bb-532308aa9125
收到消息：{"type":"joinRoom","room":{"roomId":"1SBG5KBUSBzm7sGQ","uid":"7147"}}
关联用户ID 7147 到会话 82682ba2-df22-e5e7-e7bb-532308aa9125
直接发送房间更新给用户(uid=7147)
广播消息: {"readyToStart":false,"playerCount":1,"uniqueUsers":[7147],"joinedUserId":7147,"isFull":false,"type":"room_update","roomId":"1SBG5KBUSBzm7sGQ"}
收到消息：{"type":"joinRoom","room":{"roomId":"1SBG5KBUSBzm7sGQ","uid":"6798"}}
关联用户ID 6798 到会话 7205b66d-419f-2159-949a-6bccce6ba992
直接发送房间更新给用户(uid=7147)
直接发送房间更新给用户(uid=6798)
广播消息: {"readyToStart":true,"playerCount":2,"uniqueUsers":[7147,6798],"joinedUserId":6798,"isFull":true,"type":"room_update","roomId":"1SBG5KBUSBzm7sGQ"}
收到消息：{"type":"startGame","room":{"roomId":"1SBG5KBUSBzm7sGQ","role1":"libai","role2":"libai","uid":"7147"}}
关联用户ID 7147 到会话 82682ba2-df22-e5e7-e7bb-532308aa9125
发送房间已满通知给用户: 6798
房间 1SBG5KBUSBzm7sGQ 初始化游戏成功，玩家1=7147, 玩家2=6798
收到消息：{"type":"startGame","room":{"roomId":"1SBG5KBUSBzm7sGQ","role1":"libai","role2":"libai","uid":"6798"}}
关联用户ID 6798 到会话 7205b66d-419f-2159-949a-6bccce6ba992
房间 1SBG5KBUSBzm7sGQ 已经初始化过游戏，跳过重复初始化
用户 6798 的会话已关闭
WebSocket连接已关闭，当前连接数：1
WebSocket连接已建立，当前连接数：2
用户 7147 的会话已关闭
WebSocket连接已关闭，当前连接数：1
WebSocket连接已建立，当前连接数：2
收到消息：{"type":"RoundBegin","room":{"roomId":"1SBG5KBUSBzm7sGQ","uid":"6798"}}
关联用户ID 6798 到会话 74f4cb3b-8b30-36e7-f48b-fb7031d3a387
【RoundBegin同步】roomId=1SBG5KBUSBzm7sGQ round=0 已收到玩家 6798 的回合开始信号。当前已收到: [6798]
收到消息：{"type":"RoundBegin","room":{"roomId":"1SBG5KBUSBzm7sGQ","uid":"7147"}}
关联用户ID 7147 到会话 4a4bbce0-556f-03e0-5435-16e89550eb29
【RoundBegin同步】roomId=1SBG5KBUSBzm7sGQ round=0 已收到玩家 7147 的回合开始信号。当前已收到: [7147, 6798]
【RoundBegin同步】roomId=1SBG5KBUSBzm7sGQ round=0 两位玩家均已发信号，调用BeginService。
收到消息：{"type":"openCardGroups","room":{"uid":"6798"}}
关联用户ID 6798 到会话 74f4cb3b-8b30-36e7-f48b-fb7031d3a387
【购买前】玩家ID: 6798 金币: 5 手牌: []
【购买后】玩家ID: 6798 金币: 0 手牌: [spring(profit,num=1,size=1), mountain(defense,num=1,size=1), bird(battle,num=1,size=1), fire(battle,num=1,size=1), autumn(decrease,num=1,size=1)]
收到消息：{"type":"synthesize","room":{"uid":"6798","cardA":"autumn","cardB":"bird","cardC":"goose"}}
关联用户ID 6798 到会话 74f4cb3b-8b30-36e7-f48b-fb7031d3a387
收到消息：{"type":"RoundEnd","room":{"roomId":"1SBG5KBUSBzm7sGQ","uid":"6798","cardList1":["fire","cardBack","spring"]}}
关联用户ID 6798 到会话 74f4cb3b-8b30-36e7-f48b-fb7031d3a387
【回合结束前】
Room: 1SBG5KBUSBzm7sGQ Round: 0
玩家1（uid=7147）: hp=10/10 shield=10/10 wealthy=5 role=libai cards=[]
玩家2（uid=6798）: hp=10/10 shield=10/10 wealthy=0 role=libai cards=[spring(profit,num=1,size=1), mountain(defense,num=1,size=1), goose(defense,num=1,size=2), fire(battle,num=1,size=1)]
收到消息：{"type":"RoundEnd","room":{"roomId":"1SBG5KBUSBzm7sGQ","uid":"7147","cardList1":["cardBack","cardBack","cardBack"]}}
关联用户ID 7147 到会话 4a4bbce0-556f-03e0-5435-16e89550eb29
【回合结束前】
Room: 1SBG5KBUSBzm7sGQ Round: 0
玩家1（uid=7147）: hp=10/10 shield=10/10 wealthy=5 role=libai cards=[]
玩家2（uid=6798）: hp=10/10 shield=10/10 wealthy=0 role=libai cards=[spring(profit,num=1,size=1), mountain(defense,num=1,size=1), goose(defense,num=1,size=2), fire(battle,num=1,size=1)]
handleRoundEndMessage's playerAgainst:
[cardBack, cardBack, cardBack]
[fire, cardBack, spring]
PlayerAgainst(hp=10, roomNumber=1SBG5KBUSBzm7sGQ, cards=[], wealthy=5, statusesEnd=[], statusesBegin=[], role=libai, shield=10, hpMax=10, shieldMax=10, playerCondition=PlayerCondition(isAttacked=false, isUsedDefenseCard=false, isUsedBattleCard=false, isUsedProfitOrDecreaseCard=false, isRobbedHP=false, isAddedShield=false, isCured=false, hasZhuangZhiNanChou=false, hasWar=false, hasRain=false, canAddShield=true, liuBuff=false, sunBuff=1, natureBuff=false, numOfShieldAdd=0, fireAdd=0, purification=false), cardsNum=0)
PlayerAgainst(hp=10, roomNumber=1SBG5KBUSBzm7sGQ, cards=[CardBattle(cardType=profit, cardNum=1, cardName=spring, cardSize=1), CardBattle(cardType=defense, cardNum=1, cardName=mountain, cardSize=1), CardBattle(cardType=defense, cardNum=1, cardName=goose, cardSize=2), CardBattle(cardType=battle, cardNum=1, cardName=fire, cardSize=1)], wealthy=0, statusesEnd=[], statusesBegin=[], role=libai, shield=10, hpMax=10, shieldMax=10, playerCondition=PlayerCondition(isAttacked=false, isUsedDefenseCard=false, isUsedBattleCard=false, isUsedProfitOrDecreaseCard=false, isRobbedHP=false, isAddedShield=false, isCured=false, hasZhuangZhiNanChou=false, hasWar=false, hasRain=false, canAddShield=true, liuBuff=false, sunBuff=1, natureBuff=false, numOfShieldAdd=0, fireAdd=0, purification=false), cardsNum=0)
[CardBattle(cardType=, cardNum=0, cardName=, cardSize=0), CardBattle(cardType=, cardNum=0, cardName=, cardSize=0), CardBattle(cardType=, cardNum=0, cardName=, cardSize=0)]
[CardBattle(cardType=profit, cardNum=1, cardName=spring, cardSize=1), CardBattle(cardType=battle, cardNum=1, cardName=fire, cardSize=1), CardBattle(cardType=, cardNum=0, cardName=, cardSize=0)]
卡牌运行前:
Player1:PlayerAgainst(hp=10, roomNumber=1SBG5KBUSBzm7sGQ, cards=[], wealthy=5, statusesEnd=[], statusesBegin=[], role=libai, shield=10, hpMax=10, shieldMax=10, playerCondition=PlayerCondition(isAttacked=false, isUsedDefenseCard=false, isUsedBattleCard=false, isUsedProfitOrDecreaseCard=false, isRobbedHP=false, isAddedShield=false, isCured=false, hasZhuangZhiNanChou=false, hasWar=false, hasRain=false, canAddShield=true, liuBuff=false, sunBuff=1, natureBuff=false, numOfShieldAdd=0, fireAdd=0, purification=false), cardsNum=0)
player2:PlayerAgainst(hp=10, roomNumber=1SBG5KBUSBzm7sGQ, cards=[CardBattle(cardType=defense, cardNum=1, cardName=mountain, cardSize=1), CardBattle(cardType=defense, cardNum=1, cardName=goose, cardSize=2)], wealthy=0, statusesEnd=[], statusesBegin=[], role=libai, shield=10, hpMax=10, shieldMax=10, playerCondition=PlayerCondition(isAttacked=false, isUsedDefenseCard=false, isUsedBattleCard=false, isUsedProfitOrDecreaseCard=false, isRobbedHP=false, isAddedShield=false, isCured=false, hasZhuangZhiNanChou=false, hasWar=false, hasRain=false, canAddShield=true, liuBuff=false, sunBuff=1, natureBuff=false, numOfShieldAdd=0, fireAdd=0, purification=false), cardsNum=0)
spring called
卡牌运行后:
Player1:PlayerAgainst(hp=10, roomNumber=1SBG5KBUSBzm7sGQ, cards=[], wealthy=5, statusesEnd=[], statusesBegin=[], role=libai, shield=9, hpMax=10, shieldMax=10, playerCondition=PlayerCondition(isAttacked=true, isUsedDefenseCard=false, isUsedBattleCard=false, isUsedProfitOrDecreaseCard=false, isRobbedHP=false, isAddedShield=false, isCured=false, hasZhuangZhiNanChou=false, hasWar=false, hasRain=false, canAddShield=true, liuBuff=false, sunBuff=1, natureBuff=false, numOfShieldAdd=0, fireAdd=0, purification=false), cardsNum=0)
player2:PlayerAgainst(hp=10, roomNumber=1SBG5KBUSBzm7sGQ, cards=[CardBattle(cardType=defense, cardNum=1, cardName=mountain, cardSize=1), CardBattle(cardType=defense, cardNum=1, cardName=goose, cardSize=2)], wealthy=4, statusesEnd=[Status(name=spring_judge, consistTime=1, detail=null)], statusesBegin=[Status(name=spring_judge, consistTime=1, detail=null)], role=libai, shield=10, hpMax=10, shieldMax=10, playerCondition=PlayerCondition(isAttacked=false, isUsedDefenseCard=false, isUsedBattleCard=true, isUsedProfitOrDecreaseCard=true, isRobbedHP=false, isAddedShield=false, isCured=true, hasZhuangZhiNanChou=false, hasWar=false, hasRain=false, canAddShield=true, liuBuff=false, sunBuff=1, natureBuff=false, numOfShieldAdd=0, fireAdd=0, purification=false), cardsNum=0)
enter endservice
buffs:
[]
[]
【回合结束后】
Room: 1SBG5KBUSBzm7sGQ Round: 0
玩家1（uid=7147）: hp=10/10 shield=9/10 wealthy=5 role=libai cards=[]
玩家2（uid=6798）: hp=10/10 shield=10/10 wealthy=4 role=libai cards=[mountain(defense,num=1,size=1), goose(defense,num=1,size=2)]
收到消息：{"type":"openCardGroups","room":{"uid":"6798"}}
关联用户ID 6798 到会话 74f4cb3b-8b30-36e7-f48b-fb7031d3a387
【购买前】玩家ID: 6798 金币: 9 手牌: [mountain(defense,num=1,size=1), goose(defense,num=1,size=2)]
【购买后】玩家ID: 6798 金币: 4 手牌: [spring(profit,num=1,size=1), mountain(defense,num=2,size=1), goose(defense,num=1,size=2), fire(battle,num=1,size=1), autumn(decrease,num=1,size=1), water(defense,num=1,size=1)]
收到消息：{"type":"RoundEnd","room":{"roomId":"1SBG5KBUSBzm7sGQ","uid":"6798","cardList1":["cardBack","cardBack","cardBack"]}}
关联用户ID 6798 到会话 74f4cb3b-8b30-36e7-f48b-fb7031d3a387
【回合结束前】
Room: 1SBG5KBUSBzm7sGQ Round: 1
玩家1（uid=7147）: hp=10/10 shield=9/10 wealthy=10 role=libai cards=[]
玩家2（uid=6798）: hp=10/10 shield=10/10 wealthy=4 role=libai cards=[spring(profit,num=1,size=1), mountain(defense,num=2,size=1), goose(defense,num=1,size=2), fire(battle,num=1,size=1), autumn(decrease,num=1,size=1), water(defense,num=1,size=1)]
收到消息：{"type":"RoundEnd","room":{"roomId":"1SBG5KBUSBzm7sGQ","uid":"7147","cardList1":["cardBack","cardBack","cardBack"]}}
关联用户ID 7147 到会话 4a4bbce0-556f-03e0-5435-16e89550eb29
【回合结束前】
Room: 1SBG5KBUSBzm7sGQ Round: 1
玩家1（uid=7147）: hp=10/10 shield=9/10 wealthy=10 role=libai cards=[]
玩家2（uid=6798）: hp=10/10 shield=10/10 wealthy=4 role=libai cards=[spring(profit,num=1,size=1), mountain(defense,num=2,size=1), goose(defense,num=1,size=2), fire(battle,num=1,size=1), autumn(decrease,num=1,size=1), water(defense,num=1,size=1)]
handleRoundEndMessage's playerAgainst:
[cardBack, cardBack, cardBack]
[cardBack, cardBack, cardBack]
PlayerAgainst(hp=10, roomNumber=1SBG5KBUSBzm7sGQ, cards=[], wealthy=10, statusesEnd=[], statusesBegin=[], role=libai, shield=9, hpMax=10, shieldMax=10, playerCondition=PlayerCondition(isAttacked=false, isUsedDefenseCard=false, isUsedBattleCard=false, isUsedProfitOrDecreaseCard=false, isRobbedHP=false, isAddedShield=false, isCured=false, hasZhuangZhiNanChou=false, hasWar=false, hasRain=false, canAddShield=true, liuBuff=false, sunBuff=1, natureBuff=false, numOfShieldAdd=0, fireAdd=0, purification=false), cardsNum=0)
PlayerAgainst(hp=10, roomNumber=1SBG5KBUSBzm7sGQ, cards=[CardBattle(cardType=profit, cardNum=1, cardName=spring, cardSize=1), CardBattle(cardType=defense, cardNum=2, cardName=mountain, cardSize=1), CardBattle(cardType=defense, cardNum=1, cardName=goose, cardSize=2), CardBattle(cardType=battle, cardNum=1, cardName=fire, cardSize=1), CardBattle(cardType=decrease, cardNum=1, cardName=autumn, cardSize=1), CardBattle(cardType=defense, cardNum=1, cardName=water, cardSize=1)], wealthy=4, statusesEnd=[], statusesBegin=[], role=libai, shield=10, hpMax=10, shieldMax=10, playerCondition=PlayerCondition(isAttacked=false, isUsedDefenseCard=false, isUsedBattleCard=false, isUsedProfitOrDecreaseCard=false, isRobbedHP=false, isAddedShield=false, isCured=false, hasZhuangZhiNanChou=false, hasWar=false, hasRain=false, canAddShield=true, liuBuff=false, sunBuff=1, natureBuff=false, numOfShieldAdd=0, fireAdd=0, purification=false), cardsNum=0)
[CardBattle(cardType=, cardNum=0, cardName=, cardSize=0), CardBattle(cardType=, cardNum=0, cardName=, cardSize=0), CardBattle(cardType=, cardNum=0, cardName=, cardSize=0)]
[CardBattle(cardType=, cardNum=0, cardName=, cardSize=0), CardBattle(cardType=, cardNum=0, cardName=, cardSize=0), CardBattle(cardType=, cardNum=0, cardName=, cardSize=0)]
卡牌运行前:
Player1:PlayerAgainst(hp=10, roomNumber=1SBG5KBUSBzm7sGQ, cards=[], wealthy=10, statusesEnd=[], statusesBegin=[], role=libai, shield=9, hpMax=10, shieldMax=10, playerCondition=PlayerCondition(isAttacked=false, isUsedDefenseCard=false, isUsedBattleCard=false, isUsedProfitOrDecreaseCard=false, isRobbedHP=false, isAddedShield=false, isCured=false, hasZhuangZhiNanChou=false, hasWar=false, hasRain=false, canAddShield=true, liuBuff=false, sunBuff=1, natureBuff=false, numOfShieldAdd=0, fireAdd=0, purification=false), cardsNum=0)
player2:PlayerAgainst(hp=10, roomNumber=1SBG5KBUSBzm7sGQ, cards=[CardBattle(cardType=profit, cardNum=1, cardName=spring, cardSize=1), CardBattle(cardType=defense, cardNum=2, cardName=mountain, cardSize=1), CardBattle(cardType=defense, cardNum=1, cardName=goose, cardSize=2), CardBattle(cardType=battle, cardNum=1, cardName=fire, cardSize=1), CardBattle(cardType=decrease, cardNum=1, cardName=autumn, cardSize=1), CardBattle(cardType=defense, cardNum=1, cardName=water, cardSize=1)], wealthy=4, statusesEnd=[], statusesBegin=[], role=libai, shield=10, hpMax=10, shieldMax=10, playerCondition=PlayerCondition(isAttacked=false, isUsedDefenseCard=false, isUsedBattleCard=false, isUsedProfitOrDecreaseCard=false, isRobbedHP=false, isAddedShield=false, isCured=false, hasZhuangZhiNanChou=false, hasWar=false, hasRain=false, canAddShield=true, liuBuff=false, sunBuff=1, natureBuff=false, numOfShieldAdd=0, fireAdd=0, purification=false), cardsNum=0)
卡牌运行后:
Player1:PlayerAgainst(hp=10, roomNumber=1SBG5KBUSBzm7sGQ, cards=[], wealthy=10, statusesEnd=[], statusesBegin=[], role=libai, shield=9, hpMax=10, shieldMax=10, playerCondition=PlayerCondition(isAttacked=false, isUsedDefenseCard=false, isUsedBattleCard=false, isUsedProfitOrDecreaseCard=false, isRobbedHP=false, isAddedShield=false, isCured=false, hasZhuangZhiNanChou=false, hasWar=false, hasRain=false, canAddShield=true, liuBuff=false, sunBuff=1, natureBuff=false, numOfShieldAdd=0, fireAdd=0, purification=false), cardsNum=0)
player2:PlayerAgainst(hp=10, roomNumber=1SBG5KBUSBzm7sGQ, cards=[CardBattle(cardType=profit, cardNum=1, cardName=spring, cardSize=1), CardBattle(cardType=defense, cardNum=2, cardName=mountain, cardSize=1), CardBattle(cardType=defense, cardNum=1, cardName=goose, cardSize=2), CardBattle(cardType=battle, cardNum=1, cardName=fire, cardSize=1), CardBattle(cardType=decrease, cardNum=1, cardName=autumn, cardSize=1), CardBattle(cardType=defense, cardNum=1, cardName=water, cardSize=1)], wealthy=4, statusesEnd=[], statusesBegin=[], role=libai, shield=10, hpMax=10, shieldMax=10, playerCondition=PlayerCondition(isAttacked=false, isUsedDefenseCard=false, isUsedBattleCard=false, isUsedProfitOrDecreaseCard=false, isRobbedHP=false, isAddedShield=false, isCured=false, hasZhuangZhiNanChou=false, hasWar=false, hasRain=false, canAddShield=true, liuBuff=false, sunBuff=1, natureBuff=false, numOfShieldAdd=0, fireAdd=0, purification=false), cardsNum=0)
enter endservice
buffs:
[]
[]
【回合结束后】
Room: 1SBG5KBUSBzm7sGQ Round: 1
玩家1（uid=7147）: hp=10/10 shield=9/10 wealthy=10 role=libai cards=[]
玩家2（uid=6798）: hp=10/10 shield=10/10 wealthy=4 role=libai cards=[spring(profit,num=1,size=1), mountain(defense,num=2,size=1), goose(defense,num=1,size=2), fire(battle,num=1,size=1), autumn(decrease,num=1,size=1), water(defense,num=1,size=1)]
收到消息：{"type":"RoundEnd","room":{"roomId":"1SBG5KBUSBzm7sGQ","uid":"6798","cardList1":["cardBack","cardBack","cardBack"]}}
关联用户ID 6798 到会话 74f4cb3b-8b30-36e7-f48b-fb7031d3a387
【回合结束前】
Room: 1SBG5KBUSBzm7sGQ Round: 2
玩家1（uid=7147）: hp=10/10 shield=9/10 wealthy=15 role=libai cards=[]
玩家2（uid=6798）: hp=10/10 shield=10/10 wealthy=9 role=libai cards=[spring(profit,num=1,size=1), mountain(defense,num=2,size=1), goose(defense,num=1,size=2), fire(battle,num=1,size=1), autumn(decrease,num=1,size=1), water(defense,num=1,size=1)]
收到消息：{"type":"RoundEnd","room":{"roomId":"1SBG5KBUSBzm7sGQ","uid":"7147","cardList1":["cardBack","cardBack","cardBack"]}}
关联用户ID 7147 到会话 4a4bbce0-556f-03e0-5435-16e89550eb29
【回合结束前】
Room: 1SBG5KBUSBzm7sGQ Round: 2
玩家1（uid=7147）: hp=10/10 shield=9/10 wealthy=15 role=libai cards=[]
玩家2（uid=6798）: hp=10/10 shield=10/10 wealthy=9 role=libai cards=[spring(profit,num=1,size=1), mountain(defense,num=2,size=1), goose(defense,num=1,size=2), fire(battle,num=1,size=1), autumn(decrease,num=1,size=1), water(defense,num=1,size=1)]
handleRoundEndMessage's playerAgainst:
[cardBack, cardBack, cardBack]
[cardBack, cardBack, cardBack]
PlayerAgainst(hp=10, roomNumber=1SBG5KBUSBzm7sGQ, cards=[], wealthy=15, statusesEnd=[], statusesBegin=[], role=libai, shield=9, hpMax=10, shieldMax=10, playerCondition=PlayerCondition(isAttacked=false, isUsedDefenseCard=false, isUsedBattleCard=false, isUsedProfitOrDecreaseCard=false, isRobbedHP=false, isAddedShield=false, isCured=false, hasZhuangZhiNanChou=false, hasWar=false, hasRain=false, canAddShield=true, liuBuff=false, sunBuff=1, natureBuff=false, numOfShieldAdd=0, fireAdd=0, purification=false), cardsNum=0)
PlayerAgainst(hp=10, roomNumber=1SBG5KBUSBzm7sGQ, cards=[CardBattle(cardType=profit, cardNum=1, cardName=spring, cardSize=1), CardBattle(cardType=defense, cardNum=2, cardName=mountain, cardSize=1), CardBattle(cardType=defense, cardNum=1, cardName=goose, cardSize=2), CardBattle(cardType=battle, cardNum=1, cardName=fire, cardSize=1), CardBattle(cardType=decrease, cardNum=1, cardName=autumn, cardSize=1), CardBattle(cardType=defense, cardNum=1, cardName=water, cardSize=1)], wealthy=9, statusesEnd=[], statusesBegin=[], role=libai, shield=10, hpMax=10, shieldMax=10, playerCondition=PlayerCondition(isAttacked=false, isUsedDefenseCard=false, isUsedBattleCard=false, isUsedProfitOrDecreaseCard=false, isRobbedHP=false, isAddedShield=false, isCured=false, hasZhuangZhiNanChou=false, hasWar=false, hasRain=false, canAddShield=true, liuBuff=false, sunBuff=1, natureBuff=false, numOfShieldAdd=0, fireAdd=0, purification=false), cardsNum=0)
[CardBattle(cardType=, cardNum=0, cardName=, cardSize=0), CardBattle(cardType=, cardNum=0, cardName=, cardSize=0), CardBattle(cardType=, cardNum=0, cardName=, cardSize=0)]
[CardBattle(cardType=, cardNum=0, cardName=, cardSize=0), CardBattle(cardType=, cardNum=0, cardName=, cardSize=0), CardBattle(cardType=, cardNum=0, cardName=, cardSize=0)]
卡牌运行前:
Player1:PlayerAgainst(hp=10, roomNumber=1SBG5KBUSBzm7sGQ, cards=[], wealthy=15, statusesEnd=[], statusesBegin=[], role=libai, shield=9, hpMax=10, shieldMax=10, playerCondition=PlayerCondition(isAttacked=false, isUsedDefenseCard=false, isUsedBattleCard=false, isUsedProfitOrDecreaseCard=false, isRobbedHP=false, isAddedShield=false, isCured=false, hasZhuangZhiNanChou=false, hasWar=false, hasRain=false, canAddShield=true, liuBuff=false, sunBuff=1, natureBuff=false, numOfShieldAdd=0, fireAdd=0, purification=false), cardsNum=0)
player2:PlayerAgainst(hp=10, roomNumber=1SBG5KBUSBzm7sGQ, cards=[CardBattle(cardType=profit, cardNum=1, cardName=spring, cardSize=1), CardBattle(cardType=defense, cardNum=2, cardName=mountain, cardSize=1), CardBattle(cardType=defense, cardNum=1, cardName=goose, cardSize=2), CardBattle(cardType=battle, cardNum=1, cardName=fire, cardSize=1), CardBattle(cardType=decrease, cardNum=1, cardName=autumn, cardSize=1), CardBattle(cardType=defense, cardNum=1, cardName=water, cardSize=1)], wealthy=9, statusesEnd=[], statusesBegin=[], role=libai, shield=10, hpMax=10, shieldMax=10, playerCondition=PlayerCondition(isAttacked=false, isUsedDefenseCard=false, isUsedBattleCard=false, isUsedProfitOrDecreaseCard=false, isRobbedHP=false, isAddedShield=false, isCured=false, hasZhuangZhiNanChou=false, hasWar=false, hasRain=false, canAddShield=true, liuBuff=false, sunBuff=1, natureBuff=false, numOfShieldAdd=0, fireAdd=0, purification=false), cardsNum=0)
卡牌运行后:
Player1:PlayerAgainst(hp=10, roomNumber=1SBG5KBUSBzm7sGQ, cards=[], wealthy=15, statusesEnd=[], statusesBegin=[], role=libai, shield=9, hpMax=10, shieldMax=10, playerCondition=PlayerCondition(isAttacked=false, isUsedDefenseCard=false, isUsedBattleCard=false, isUsedProfitOrDecreaseCard=false, isRobbedHP=false, isAddedShield=false, isCured=false, hasZhuangZhiNanChou=false, hasWar=false, hasRain=false, canAddShield=true, liuBuff=false, sunBuff=1, natureBuff=false, numOfShieldAdd=0, fireAdd=0, purification=false), cardsNum=0)
player2:PlayerAgainst(hp=10, roomNumber=1SBG5KBUSBzm7sGQ, cards=[CardBattle(cardType=profit, cardNum=1, cardName=spring, cardSize=1), CardBattle(cardType=defense, cardNum=2, cardName=mountain, cardSize=1), CardBattle(cardType=defense, cardNum=1, cardName=goose, cardSize=2), CardBattle(cardType=battle, cardNum=1, cardName=fire, cardSize=1), CardBattle(cardType=decrease, cardNum=1, cardName=autumn, cardSize=1), CardBattle(cardType=defense, cardNum=1, cardName=water, cardSize=1)], wealthy=9, statusesEnd=[], statusesBegin=[], role=libai, shield=10, hpMax=10, shieldMax=10, playerCondition=PlayerCondition(isAttacked=false, isUsedDefenseCard=false, isUsedBattleCard=false, isUsedProfitOrDecreaseCard=false, isRobbedHP=false, isAddedShield=false, isCured=false, hasZhuangZhiNanChou=false, hasWar=false, hasRain=false, canAddShield=true, liuBuff=false, sunBuff=1, natureBuff=false, numOfShieldAdd=0, fireAdd=0, purification=false), cardsNum=0)
enter endservice
buffs:
[]
[]
【回合结束后】
Room: 1SBG5KBUSBzm7sGQ Round: 2
玩家1（uid=7147）: hp=10/10 shield=9/10 wealthy=15 role=libai cards=[]
玩家2（uid=6798）: hp=10/10 shield=10/10 wealthy=9 role=libai cards=[spring(profit,num=1,size=1), mountain(defense,num=2,size=1), goose(defense,num=1,size=2), fire(battle,num=1,size=1), autumn(decrease,num=1,size=1), water(defense,num=1,size=1)]
收到消息：{"type":"RoundEnd","room":{"roomId":"1SBG5KBUSBzm7sGQ","uid":"6798","cardList1":["cardBack","water","autumn"]}}
关联用户ID 6798 到会话 74f4cb3b-8b30-36e7-f48b-fb7031d3a387
【回合结束前】
Room: 1SBG5KBUSBzm7sGQ Round: 3
玩家1（uid=7147）: hp=10/10 shield=9/10 wealthy=20 role=libai cards=[]
玩家2（uid=6798）: hp=10/10 shield=10/10 wealthy=14 role=libai cards=[spring(profit,num=1,size=1), mountain(defense,num=2,size=1), goose(defense,num=1,size=2), fire(battle,num=1,size=1), autumn(decrease,num=1,size=1), water(defense,num=1,size=1)]
收到消息：{"type":"RoundEnd","room":{"roomId":"1SBG5KBUSBzm7sGQ","uid":"7147","cardList1":["cardBack","cardBack","cardBack"]}}
关联用户ID 7147 到会话 4a4bbce0-556f-03e0-5435-16e89550eb29
【回合结束前】
Room: 1SBG5KBUSBzm7sGQ Round: 3
玩家1（uid=7147）: hp=10/10 shield=9/10 wealthy=20 role=libai cards=[]
玩家2（uid=6798）: hp=10/10 shield=10/10 wealthy=14 role=libai cards=[spring(profit,num=1,size=1), mountain(defense,num=2,size=1), goose(defense,num=1,size=2), fire(battle,num=1,size=1), autumn(decrease,num=1,size=1), water(defense,num=1,size=1)]
handleRoundEndMessage's playerAgainst:
[cardBack, cardBack, cardBack]
[cardBack, water, autumn]
PlayerAgainst(hp=10, roomNumber=1SBG5KBUSBzm7sGQ, cards=[], wealthy=20, statusesEnd=[], statusesBegin=[], role=libai, shield=9, hpMax=10, shieldMax=10, playerCondition=PlayerCondition(isAttacked=false, isUsedDefenseCard=false, isUsedBattleCard=false, isUsedProfitOrDecreaseCard=false, isRobbedHP=false, isAddedShield=false, isCured=false, hasZhuangZhiNanChou=false, hasWar=false, hasRain=false, canAddShield=true, liuBuff=false, sunBuff=1, natureBuff=false, numOfShieldAdd=0, fireAdd=0, purification=false), cardsNum=0)
PlayerAgainst(hp=10, roomNumber=1SBG5KBUSBzm7sGQ, cards=[CardBattle(cardType=profit, cardNum=1, cardName=spring, cardSize=1), CardBattle(cardType=defense, cardNum=2, cardName=mountain, cardSize=1), CardBattle(cardType=defense, cardNum=1, cardName=goose, cardSize=2), CardBattle(cardType=battle, cardNum=1, cardName=fire, cardSize=1), CardBattle(cardType=decrease, cardNum=1, cardName=autumn, cardSize=1), CardBattle(cardType=defense, cardNum=1, cardName=water, cardSize=1)], wealthy=14, statusesEnd=[], statusesBegin=[], role=libai, shield=10, hpMax=10, shieldMax=10, playerCondition=PlayerCondition(isAttacked=false, isUsedDefenseCard=false, isUsedBattleCard=false, isUsedProfitOrDecreaseCard=false, isRobbedHP=false, isAddedShield=false, isCured=false, hasZhuangZhiNanChou=false, hasWar=false, hasRain=false, canAddShield=true, liuBuff=false, sunBuff=1, natureBuff=false, numOfShieldAdd=0, fireAdd=0, purification=false), cardsNum=0)
[CardBattle(cardType=, cardNum=0, cardName=, cardSize=0), CardBattle(cardType=, cardNum=0, cardName=, cardSize=0), CardBattle(cardType=, cardNum=0, cardName=, cardSize=0)]
[CardBattle(cardType=decrease, cardNum=1, cardName=autumn, cardSize=1), CardBattle(cardType=defense, cardNum=1, cardName=water, cardSize=1), CardBattle(cardType=, cardNum=0, cardName=, cardSize=0)]
卡牌运行前:
Player1:PlayerAgainst(hp=10, roomNumber=1SBG5KBUSBzm7sGQ, cards=[], wealthy=20, statusesEnd=[], statusesBegin=[], role=libai, shield=9, hpMax=10, shieldMax=10, playerCondition=PlayerCondition(isAttacked=false, isUsedDefenseCard=false, isUsedBattleCard=false, isUsedProfitOrDecreaseCard=false, isRobbedHP=false, isAddedShield=false, isCured=false, hasZhuangZhiNanChou=false, hasWar=false, hasRain=false, canAddShield=true, liuBuff=false, sunBuff=1, natureBuff=false, numOfShieldAdd=0, fireAdd=0, purification=false), cardsNum=0)
player2:PlayerAgainst(hp=10, roomNumber=1SBG5KBUSBzm7sGQ, cards=[CardBattle(cardType=profit, cardNum=1, cardName=spring, cardSize=1), CardBattle(cardType=defense, cardNum=2, cardName=mountain, cardSize=1), CardBattle(cardType=defense, cardNum=1, cardName=goose, cardSize=2), CardBattle(cardType=battle, cardNum=1, cardName=fire, cardSize=1)], wealthy=14, statusesEnd=[], statusesBegin=[], role=libai, shield=10, hpMax=10, shieldMax=10, playerCondition=PlayerCondition(isAttacked=false, isUsedDefenseCard=false, isUsedBattleCard=false, isUsedProfitOrDecreaseCard=false, isRobbedHP=false, isAddedShield=false, isCured=false, hasZhuangZhiNanChou=false, hasWar=false, hasRain=false, canAddShield=true, liuBuff=false, sunBuff=1, natureBuff=false, numOfShieldAdd=0, fireAdd=0, purification=false), cardsNum=0)
卡牌运行后:
Player1:PlayerAgainst(hp=10, roomNumber=1SBG5KBUSBzm7sGQ, cards=[], wealthy=18, statusesEnd=[Status(name=autumn_judge, consistTime=1, detail=null), Status(name=water_judge, consistTime=1, detail=null)], statusesBegin=[], role=libai, shield=9, hpMax=10, shieldMax=10, playerCondition=PlayerCondition(isAttacked=false, isUsedDefenseCard=false, isUsedBattleCard=false, isUsedProfitOrDecreaseCard=false, isRobbedHP=false, isAddedShield=false, isCured=false, hasZhuangZhiNanChou=false, hasWar=false, hasRain=false, canAddShield=true, liuBuff=false, sunBuff=1, natureBuff=false, numOfShieldAdd=0, fireAdd=0, purification=false), cardsNum=0)
player2:PlayerAgainst(hp=10, roomNumber=1SBG5KBUSBzm7sGQ, cards=[CardBattle(cardType=profit, cardNum=1, cardName=spring, cardSize=1), CardBattle(cardType=defense, cardNum=2, cardName=mountain, cardSize=1), CardBattle(cardType=defense, cardNum=1, cardName=goose, cardSize=2), CardBattle(cardType=battle, cardNum=1, cardName=fire, cardSize=1)], wealthy=15, statusesEnd=[], statusesBegin=[], role=libai, shield=10, hpMax=10, shieldMax=10, playerCondition=PlayerCondition(isAttacked=false, isUsedDefenseCard=true, isUsedBattleCard=false, isUsedProfitOrDecreaseCard=true, isRobbedHP=false, isAddedShield=true, isCured=false, hasZhuangZhiNanChou=false, hasWar=false, hasRain=false, canAddShield=true, liuBuff=false, sunBuff=1, natureBuff=false, numOfShieldAdd=1, fireAdd=0, purification=false), cardsNum=0)
enter endservice
buffs:
[Status(name=autumn_judge, consistTime=1, detail=null), Status(name=water_judge, consistTime=1, detail=null)]
[]
autumn_judge
water_judge
【回合结束后】
Room: 1SBG5KBUSBzm7sGQ Round: 3
玩家1（uid=7147）: hp=10/10 shield=8/10 wealthy=22 role=libai cards=[]
玩家2（uid=6798）: hp=10/10 shield=10/10 wealthy=15 role=libai cards=[spring(profit,num=1,size=1), mountain(defense,num=2,size=1), goose(defense,num=1,size=2), fire(battle,num=1,size=1)]
收到消息：{"type":"fetchall","room":{"roomId":"1SBG5KBUSBzm7sGQ"}}
【fetchall】roomId=1SBG5KBUSBzm7sGQ 玩家信息: [{uid=7147, hpMax=10, shield=9, role=libai, cards=[], wealthy=27, hp=10, shieldMax=10}, {uid=6798, hpMax=10, shield=10, role=libai, cards=[CardBattle(cardType=profit, cardNum=1, cardName=spring, cardSize=1), CardBattle(cardType=defense, cardNum=2, cardName=mountain, cardSize=1), CardBattle(cardType=defense, cardNum=1, cardName=goose, cardSize=2), CardBattle(cardType=battle, cardNum=1, cardName=fire, cardSize=1)], wealthy=21, hp=10, shieldMax=10}]room 信息：Room(uid1=7147, uid2=6798, room=1SBG5KBUSBzm7sGQ, roundNum=4)
收到消息：{"type":"fetchall","room":{"roomId":"1SBG5KBUSBzm7sGQ"}}
【fetchall】roomId=1SBG5KBUSBzm7sGQ 玩家信息: [{uid=7147, hpMax=10, shield=9, role=libai, cards=[], wealthy=27, hp=10, shieldMax=10}, {uid=6798, hpMax=10, shield=10, role=libai, cards=[CardBattle(cardType=profit, cardNum=1, cardName=spring, cardSize=1), CardBattle(cardType=defense, cardNum=2, cardName=mountain, cardSize=1), CardBattle(cardType=defense, cardNum=1, cardName=goose, cardSize=2), CardBattle(cardType=battle, cardNum=1, cardName=fire, cardSize=1)], wealthy=21, hp=10, shieldMax=10}]room 信息：Room(uid1=7147, uid2=6798, room=1SBG5KBUSBzm7sGQ, roundNum=4)
收到消息：{"type":"openCardGroups","room":{"uid":"6798"}}
关联用户ID 6798 到会话 74f4cb3b-8b30-36e7-f48b-fb7031d3a387
【购买前】玩家ID: 6798 金币: 21 手牌: [spring(profit,num=1,size=1), mountain(defense,num=2,size=1), goose(defense,num=1,size=2), fire(battle,num=1,size=1)]
【购买后】玩家ID: 6798 金币: 16 手牌: [spring(profit,num=2,size=1), mountain(defense,num=2,size=1), moon(decrease,num=1,size=1), goose(defense,num=1,size=2), fire(battle,num=1,size=1), autumn(decrease,num=1,size=1), water(defense,num=2,size=1)]
收到消息：{"type":"openCardGroups","room":{"uid":"7147"}}
关联用户ID 7147 到会话 4a4bbce0-556f-03e0-5435-16e89550eb29
【购买前】玩家ID: 7147 金币: 27 手牌: []
【购买后】玩家ID: 7147 金币: 22 手牌: [spring(profit,num=3,size=1), bird(battle,num=1,size=1), water(defense,num=1,size=1)]
收到消息：{"type":"RoundEnd","room":{"roomId":"1SBG5KBUSBzm7sGQ","uid":"6798","cardList1":["cardBack","cardBack","cardBack"]}}
关联用户ID 6798 到会话 74f4cb3b-8b30-36e7-f48b-fb7031d3a387
【回合结束前】
Room: 1SBG5KBUSBzm7sGQ Round: 4
玩家1（uid=7147）: hp=10/10 shield=9/10 wealthy=22 role=libai cards=[spring(profit,num=3,size=1), bird(battle,num=1,size=1), water(defense,num=1,size=1)]
玩家2（uid=6798）: hp=10/10 shield=10/10 wealthy=16 role=libai cards=[spring(profit,num=2,size=1), mountain(defense,num=2,size=1), moon(decrease,num=1,size=1), goose(defense,num=1,size=2), fire(battle,num=1,size=1), autumn(decrease,num=1,size=1), water(defense,num=2,size=1)]
收到消息：{"type":"RoundEnd","room":{"roomId":"1SBG5KBUSBzm7sGQ","uid":"7147","cardList1":["cardBack","cardBack","cardBack"]}}
关联用户ID 7147 到会话 4a4bbce0-556f-03e0-5435-16e89550eb29
【回合结束前】
Room: 1SBG5KBUSBzm7sGQ Round: 4
玩家1（uid=7147）: hp=10/10 shield=9/10 wealthy=22 role=libai cards=[spring(profit,num=3,size=1), bird(battle,num=1,size=1), water(defense,num=1,size=1)]
玩家2（uid=6798）: hp=10/10 shield=10/10 wealthy=16 role=libai cards=[spring(profit,num=2,size=1), mountain(defense,num=2,size=1), moon(decrease,num=1,size=1), goose(defense,num=1,size=2), fire(battle,num=1,size=1), autumn(decrease,num=1,size=1), water(defense,num=2,size=1)]
handleRoundEndMessage's playerAgainst:
[cardBack, cardBack, cardBack]
[cardBack, cardBack, cardBack]
PlayerAgainst(hp=10, roomNumber=1SBG5KBUSBzm7sGQ, cards=[CardBattle(cardType=profit, cardNum=3, cardName=spring, cardSize=1), CardBattle(cardType=battle, cardNum=1, cardName=bird, cardSize=1), CardBattle(cardType=defense, cardNum=1, cardName=water, cardSize=1)], wealthy=22, statusesEnd=[], statusesBegin=[], role=libai, shield=9, hpMax=10, shieldMax=10, playerCondition=PlayerCondition(isAttacked=false, isUsedDefenseCard=false, isUsedBattleCard=false, isUsedProfitOrDecreaseCard=false, isRobbedHP=false, isAddedShield=true, isCured=false, hasZhuangZhiNanChou=false, hasWar=false, hasRain=false, canAddShield=true, liuBuff=false, sunBuff=1, natureBuff=false, numOfShieldAdd=1, fireAdd=0, purification=false), cardsNum=0)
PlayerAgainst(hp=10, roomNumber=1SBG5KBUSBzm7sGQ, cards=[CardBattle(cardType=profit, cardNum=2, cardName=spring, cardSize=1), CardBattle(cardType=defense, cardNum=2, cardName=mountain, cardSize=1), CardBattle(cardType=decrease, cardNum=1, cardName=moon, cardSize=1), CardBattle(cardType=defense, cardNum=1, cardName=goose, cardSize=2), CardBattle(cardType=battle, cardNum=1, cardName=fire, cardSize=1), CardBattle(cardType=decrease, cardNum=1, cardName=autumn, cardSize=1), CardBattle(cardType=defense, cardNum=2, cardName=water, cardSize=1)], wealthy=16, statusesEnd=[], statusesBegin=[], role=libai, shield=10, hpMax=10, shieldMax=10, playerCondition=PlayerCondition(isAttacked=false, isUsedDefenseCard=false, isUsedBattleCard=false, isUsedProfitOrDecreaseCard=false, isRobbedHP=false, isAddedShield=true, isCured=false, hasZhuangZhiNanChou=false, hasWar=false, hasRain=false, canAddShield=true, liuBuff=false, sunBuff=1, natureBuff=false, numOfShieldAdd=1, fireAdd=0, purification=false), cardsNum=0)
[CardBattle(cardType=, cardNum=0, cardName=, cardSize=0), CardBattle(cardType=, cardNum=0, cardName=, cardSize=0), CardBattle(cardType=, cardNum=0, cardName=, cardSize=0)]
[CardBattle(cardType=, cardNum=0, cardName=, cardSize=0), CardBattle(cardType=, cardNum=0, cardName=, cardSize=0), CardBattle(cardType=, cardNum=0, cardName=, cardSize=0)]
卡牌运行前:
Player1:PlayerAgainst(hp=10, roomNumber=1SBG5KBUSBzm7sGQ, cards=[CardBattle(cardType=profit, cardNum=3, cardName=spring, cardSize=1), CardBattle(cardType=battle, cardNum=1, cardName=bird, cardSize=1), CardBattle(cardType=defense, cardNum=1, cardName=water, cardSize=1)], wealthy=22, statusesEnd=[], statusesBegin=[], role=libai, shield=9, hpMax=10, shieldMax=10, playerCondition=PlayerCondition(isAttacked=false, isUsedDefenseCard=false, isUsedBattleCard=false, isUsedProfitOrDecreaseCard=false, isRobbedHP=false, isAddedShield=true, isCured=false, hasZhuangZhiNanChou=false, hasWar=false, hasRain=false, canAddShield=true, liuBuff=false, sunBuff=1, natureBuff=false, numOfShieldAdd=1, fireAdd=0, purification=false), cardsNum=0)
player2:PlayerAgainst(hp=10, roomNumber=1SBG5KBUSBzm7sGQ, cards=[CardBattle(cardType=profit, cardNum=2, cardName=spring, cardSize=1), CardBattle(cardType=defense, cardNum=2, cardName=mountain, cardSize=1), CardBattle(cardType=decrease, cardNum=1, cardName=moon, cardSize=1), CardBattle(cardType=defense, cardNum=1, cardName=goose, cardSize=2), CardBattle(cardType=battle, cardNum=1, cardName=fire, cardSize=1), CardBattle(cardType=decrease, cardNum=1, cardName=autumn, cardSize=1), CardBattle(cardType=defense, cardNum=2, cardName=water, cardSize=1)], wealthy=16, statusesEnd=[], statusesBegin=[], role=libai, shield=10, hpMax=10, shieldMax=10, playerCondition=PlayerCondition(isAttacked=false, isUsedDefenseCard=false, isUsedBattleCard=false, isUsedProfitOrDecreaseCard=false, isRobbedHP=false, isAddedShield=true, isCured=false, hasZhuangZhiNanChou=false, hasWar=false, hasRain=false, canAddShield=true, liuBuff=false, sunBuff=1, natureBuff=false, numOfShieldAdd=1, fireAdd=0, purification=false), cardsNum=0)
卡牌运行后:
Player1:PlayerAgainst(hp=10, roomNumber=1SBG5KBUSBzm7sGQ, cards=[CardBattle(cardType=profit, cardNum=3, cardName=spring, cardSize=1), CardBattle(cardType=battle, cardNum=1, cardName=bird, cardSize=1), CardBattle(cardType=defense, cardNum=1, cardName=water, cardSize=1)], wealthy=22, statusesEnd=[], statusesBegin=[], role=libai, shield=9, hpMax=10, shieldMax=10, playerCondition=PlayerCondition(isAttacked=false, isUsedDefenseCard=false, isUsedBattleCard=false, isUsedProfitOrDecreaseCard=false, isRobbedHP=false, isAddedShield=true, isCured=false, hasZhuangZhiNanChou=false, hasWar=false, hasRain=false, canAddShield=true, liuBuff=false, sunBuff=1, natureBuff=false, numOfShieldAdd=1, fireAdd=0, purification=false), cardsNum=0)
player2:PlayerAgainst(hp=10, roomNumber=1SBG5KBUSBzm7sGQ, cards=[CardBattle(cardType=profit, cardNum=2, cardName=spring, cardSize=1), CardBattle(cardType=defense, cardNum=2, cardName=mountain, cardSize=1), CardBattle(cardType=decrease, cardNum=1, cardName=moon, cardSize=1), CardBattle(cardType=defense, cardNum=1, cardName=goose, cardSize=2), CardBattle(cardType=battle, cardNum=1, cardName=fire, cardSize=1), CardBattle(cardType=decrease, cardNum=1, cardName=autumn, cardSize=1), CardBattle(cardType=defense, cardNum=2, cardName=water, cardSize=1)], wealthy=16, statusesEnd=[], statusesBegin=[], role=libai, shield=10, hpMax=10, shieldMax=10, playerCondition=PlayerCondition(isAttacked=false, isUsedDefenseCard=false, isUsedBattleCard=false, isUsedProfitOrDecreaseCard=false, isRobbedHP=false, isAddedShield=true, isCured=false, hasZhuangZhiNanChou=false, hasWar=false, hasRain=false, canAddShield=true, liuBuff=false, sunBuff=1, natureBuff=false, numOfShieldAdd=1, fireAdd=0, purification=false), cardsNum=0)
enter endservice
buffs:
[]
[]
【回合结束后】
Room: 1SBG5KBUSBzm7sGQ Round: 4
玩家1（uid=7147）: hp=10/10 shield=9/10 wealthy=22 role=libai cards=[spring(profit,num=3,size=1), bird(battle,num=1,size=1), water(defense,num=1,size=1)]
玩家2（uid=6798）: hp=10/10 shield=10/10 wealthy=16 role=libai cards=[spring(profit,num=2,size=1), mountain(defense,num=2,size=1), moon(decrease,num=1,size=1), goose(defense,num=1,size=2), fire(battle,num=1,size=1), autumn(decrease,num=1,size=1), water(defense,num=2,size=1)]
收到消息：{"type":"synthesize","room":{"uid":"6798","cardA":"fire","cardB":"water","cardC":"wine"}}
关联用户ID 6798 到会话 74f4cb3b-8b30-36e7-f48b-fb7031d3a387
收到消息：{"type":"synthesize","room":{"uid":"6798","cardA":"autumn","cardB":"wine","cardC":"zhuangzhinanchou"}}
关联用户ID 6798 到会话 74f4cb3b-8b30-36e7-f48b-fb7031d3a387
收到消息：{"type":"RoundEnd","room":{"roomId":"1SBG5KBUSBzm7sGQ","uid":"6798","cardList1":["cardBack","cardBack","cardBack"]}}
关联用户ID 6798 到会话 74f4cb3b-8b30-36e7-f48b-fb7031d3a387
【回合结束前】
Room: 1SBG5KBUSBzm7sGQ Round: 5
玩家1（uid=7147）: hp=10/10 shield=9/10 wealthy=27 role=libai cards=[spring(profit,num=3,size=1), bird(battle,num=1,size=1), water(defense,num=1,size=1)]
玩家2（uid=6798）: hp=10/10 shield=10/10 wealthy=21 role=libai cards=[spring(profit,num=2,size=1), mountain(defense,num=2,size=1), moon(decrease,num=1,size=1), zhuangzhinanchou(defense,num=1,size=3), goose(defense,num=1,size=2), water(defense,num=1,size=1)]
收到消息：{"type":"RoundEnd","room":{"roomId":"1SBG5KBUSBzm7sGQ","uid":"7147","cardList1":["cardBack","cardBack","cardBack"]}}
关联用户ID 7147 到会话 4a4bbce0-556f-03e0-5435-16e89550eb29
【回合结束前】
Room: 1SBG5KBUSBzm7sGQ Round: 5
玩家1（uid=7147）: hp=10/10 shield=9/10 wealthy=27 role=libai cards=[spring(profit,num=3,size=1), bird(battle,num=1,size=1), water(defense,num=1,size=1)]
玩家2（uid=6798）: hp=10/10 shield=10/10 wealthy=21 role=libai cards=[spring(profit,num=2,size=1), mountain(defense,num=2,size=1), moon(decrease,num=1,size=1), zhuangzhinanchou(defense,num=1,size=3), goose(defense,num=1,size=2), water(defense,num=1,size=1)]
handleRoundEndMessage's playerAgainst:
[cardBack, cardBack, cardBack]
[cardBack, cardBack, cardBack]
PlayerAgainst(hp=10, roomNumber=1SBG5KBUSBzm7sGQ, cards=[CardBattle(cardType=profit, cardNum=3, cardName=spring, cardSize=1), CardBattle(cardType=battle, cardNum=1, cardName=bird, cardSize=1), CardBattle(cardType=defense, cardNum=1, cardName=water, cardSize=1)], wealthy=27, statusesEnd=[], statusesBegin=[], role=libai, shield=9, hpMax=10, shieldMax=10, playerCondition=PlayerCondition(isAttacked=false, isUsedDefenseCard=false, isUsedBattleCard=false, isUsedProfitOrDecreaseCard=false, isRobbedHP=false, isAddedShield=false, isCured=false, hasZhuangZhiNanChou=false, hasWar=false, hasRain=false, canAddShield=true, liuBuff=false, sunBuff=1, natureBuff=false, numOfShieldAdd=0, fireAdd=0, purification=false), cardsNum=0)
PlayerAgainst(hp=10, roomNumber=1SBG5KBUSBzm7sGQ, cards=[CardBattle(cardType=profit, cardNum=2, cardName=spring, cardSize=1), CardBattle(cardType=defense, cardNum=2, cardName=mountain, cardSize=1), CardBattle(cardType=decrease, cardNum=1, cardName=moon, cardSize=1), CardBattle(cardType=defense, cardNum=1, cardName=zhuangzhinanchou, cardSize=3), CardBattle(cardType=defense, cardNum=1, cardName=goose, cardSize=2), CardBattle(cardType=defense, cardNum=1, cardName=water, cardSize=1)], wealthy=21, statusesEnd=[], statusesBegin=[], role=libai, shield=10, hpMax=10, shieldMax=10, playerCondition=PlayerCondition(isAttacked=false, isUsedDefenseCard=false, isUsedBattleCard=false, isUsedProfitOrDecreaseCard=false, isRobbedHP=false, isAddedShield=false, isCured=false, hasZhuangZhiNanChou=false, hasWar=false, hasRain=false, canAddShield=true, liuBuff=false, sunBuff=1, natureBuff=false, numOfShieldAdd=0, fireAdd=0, purification=false), cardsNum=0)
[CardBattle(cardType=, cardNum=0, cardName=, cardSize=0), CardBattle(cardType=, cardNum=0, cardName=, cardSize=0), CardBattle(cardType=, cardNum=0, cardName=, cardSize=0)]
[CardBattle(cardType=, cardNum=0, cardName=, cardSize=0), CardBattle(cardType=, cardNum=0, cardName=, cardSize=0), CardBattle(cardType=, cardNum=0, cardName=, cardSize=0)]
卡牌运行前:
Player1:PlayerAgainst(hp=10, roomNumber=1SBG5KBUSBzm7sGQ, cards=[CardBattle(cardType=profit, cardNum=3, cardName=spring, cardSize=1), CardBattle(cardType=battle, cardNum=1, cardName=bird, cardSize=1), CardBattle(cardType=defense, cardNum=1, cardName=water, cardSize=1)], wealthy=27, statusesEnd=[], statusesBegin=[], role=libai, shield=9, hpMax=10, shieldMax=10, playerCondition=PlayerCondition(isAttacked=false, isUsedDefenseCard=false, isUsedBattleCard=false, isUsedProfitOrDecreaseCard=false, isRobbedHP=false, isAddedShield=false, isCured=false, hasZhuangZhiNanChou=false, hasWar=false, hasRain=false, canAddShield=true, liuBuff=false, sunBuff=1, natureBuff=false, numOfShieldAdd=0, fireAdd=0, purification=false), cardsNum=0)
player2:PlayerAgainst(hp=10, roomNumber=1SBG5KBUSBzm7sGQ, cards=[CardBattle(cardType=profit, cardNum=2, cardName=spring, cardSize=1), CardBattle(cardType=defense, cardNum=2, cardName=mountain, cardSize=1), CardBattle(cardType=decrease, cardNum=1, cardName=moon, cardSize=1), CardBattle(cardType=defense, cardNum=1, cardName=zhuangzhinanchou, cardSize=3), CardBattle(cardType=defense, cardNum=1, cardName=goose, cardSize=2), CardBattle(cardType=defense, cardNum=1, cardName=water, cardSize=1)], wealthy=21, statusesEnd=[], statusesBegin=[], role=libai, shield=10, hpMax=10, shieldMax=10, playerCondition=PlayerCondition(isAttacked=false, isUsedDefenseCard=false, isUsedBattleCard=false, isUsedProfitOrDecreaseCard=false, isRobbedHP=false, isAddedShield=false, isCured=false, hasZhuangZhiNanChou=false, hasWar=false, hasRain=false, canAddShield=true, liuBuff=false, sunBuff=1, natureBuff=false, numOfShieldAdd=0, fireAdd=0, purification=false), cardsNum=0)
卡牌运行后:
Player1:PlayerAgainst(hp=10, roomNumber=1SBG5KBUSBzm7sGQ, cards=[CardBattle(cardType=profit, cardNum=3, cardName=spring, cardSize=1), CardBattle(cardType=battle, cardNum=1, cardName=bird, cardSize=1), CardBattle(cardType=defense, cardNum=1, cardName=water, cardSize=1)], wealthy=27, statusesEnd=[], statusesBegin=[], role=libai, shield=9, hpMax=10, shieldMax=10, playerCondition=PlayerCondition(isAttacked=false, isUsedDefenseCard=false, isUsedBattleCard=false, isUsedProfitOrDecreaseCard=false, isRobbedHP=false, isAddedShield=false, isCured=false, hasZhuangZhiNanChou=false, hasWar=false, hasRain=false, canAddShield=true, liuBuff=false, sunBuff=1, natureBuff=false, numOfShieldAdd=0, fireAdd=0, purification=false), cardsNum=0)
player2:PlayerAgainst(hp=10, roomNumber=1SBG5KBUSBzm7sGQ, cards=[CardBattle(cardType=profit, cardNum=2, cardName=spring, cardSize=1), CardBattle(cardType=defense, cardNum=2, cardName=mountain, cardSize=1), CardBattle(cardType=decrease, cardNum=1, cardName=moon, cardSize=1), CardBattle(cardType=defense, cardNum=1, cardName=zhuangzhinanchou, cardSize=3), CardBattle(cardType=defense, cardNum=1, cardName=goose, cardSize=2), CardBattle(cardType=defense, cardNum=1, cardName=water, cardSize=1)], wealthy=21, statusesEnd=[], statusesBegin=[], role=libai, shield=10, hpMax=10, shieldMax=10, playerCondition=PlayerCondition(isAttacked=false, isUsedDefenseCard=false, isUsedBattleCard=false, isUsedProfitOrDecreaseCard=false, isRobbedHP=false, isAddedShield=false, isCured=false, hasZhuangZhiNanChou=false, hasWar=false, hasRain=false, canAddShield=true, liuBuff=false, sunBuff=1, natureBuff=false, numOfShieldAdd=0, fireAdd=0, purification=false), cardsNum=0)
enter endservice
buffs:
[]
[]
【回合结束后】
Room: 1SBG5KBUSBzm7sGQ Round: 5
玩家1（uid=7147）: hp=10/10 shield=9/10 wealthy=27 role=libai cards=[spring(profit,num=3,size=1), bird(battle,num=1,size=1), water(defense,num=1,size=1)]
玩家2（uid=6798）: hp=10/10 shield=10/10 wealthy=21 role=libai cards=[spring(profit,num=2,size=1), mountain(defense,num=2,size=1), moon(decrease,num=1,size=1), zhuangzhinanchou(defense,num=1,size=3), goose(defense,num=1,size=2), water(defense,num=1,size=1)]
收到消息：{"type":"RoundEnd","room":{"roomId":"1SBG5KBUSBzm7sGQ","uid":"6798","cardList1":["cardBack","cardBack","cardBack"]}}
关联用户ID 6798 到会话 74f4cb3b-8b30-36e7-f48b-fb7031d3a387
【回合结束前】
Room: 1SBG5KBUSBzm7sGQ Round: 6
玩家1（uid=7147）: hp=10/10 shield=9/10 wealthy=32 role=libai cards=[spring(profit,num=3,size=1), bird(battle,num=1,size=1), water(defense,num=1,size=1)]
玩家2（uid=6798）: hp=10/10 shield=10/10 wealthy=26 role=libai cards=[spring(profit,num=2,size=1), mountain(defense,num=2,size=1), moon(decrease,num=1,size=1), zhuangzhinanchou(defense,num=1,size=3), goose(defense,num=1,size=2), water(defense,num=1,size=1)]
用户 6798 的会话已关闭
WebSocket连接已关闭，当前连接数：1
用户 7147 的会话已关闭
WebSocket连接已关闭，当前连接数：0
